[2026-04-26T16:59:29.287+0000] {taskinstance.py:1157} INFO - Dependencies all met for dep_context=non-requeueable deps ti=<TaskInstance: multi_hop_datalake_pipeline.landing_to_bronze manual__2026-04-26T16:59:27.409192+00:00 [queued]>
[2026-04-26T16:59:29.289+0000] {taskinstance.py:1157} INFO - Dependencies all met for dep_context=requeueable deps ti=<TaskInstance: multi_hop_datalake_pipeline.landing_to_bronze manual__2026-04-26T16:59:27.409192+00:00 [queued]>
[2026-04-26T16:59:29.289+0000] {taskinstance.py:1359} INFO - Starting attempt 1 of 1
[2026-04-26T16:59:29.294+0000] {taskinstance.py:1380} INFO - Executing <Task(SparkSubmitOperator): landing_to_bronze> on 2026-04-26 16:59:27.409192+00:00
[2026-04-26T16:59:29.296+0000] {standard_task_runner.py:57} INFO - Started process 89 to run task
[2026-04-26T16:59:29.298+0000] {standard_task_runner.py:84} INFO - Running: ['airflow', 'tasks', 'run', 'multi_hop_datalake_pipeline', 'landing_to_bronze', 'manual__2026-04-26T16:59:27.409192+00:00', '--job-id', '2', '--raw', '--subdir', 'DAGS_FOLDER/project_solution.py', '--cfg-path', '/tmp/tmpbsg8flfw']
[2026-04-26T16:59:29.299+0000] {standard_task_runner.py:85} INFO - Job 2: Subtask landing_to_bronze
[2026-04-26T16:59:29.314+0000] {task_command.py:415} INFO - Running <TaskInstance: multi_hop_datalake_pipeline.landing_to_bronze manual__2026-04-26T16:59:27.409192+00:00 [running]> on host 752c3e6134d3
[2026-04-26T16:59:29.341+0000] {taskinstance.py:1660} INFO - Exporting env vars: AIRFLOW_CTX_DAG_OWNER='airflow' AIRFLOW_CTX_DAG_ID='multi_hop_datalake_pipeline' AIRFLOW_CTX_TASK_ID='landing_to_bronze' AIRFLOW_CTX_EXECUTION_DATE='2026-04-26T16:59:27.409192+00:00' AIRFLOW_CTX_TRY_NUMBER='1' AIRFLOW_CTX_DAG_RUN_ID='manual__2026-04-26T16:59:27.409192+00:00'
[2026-04-26T16:59:29.343+0000] {base.py:73} INFO - Using connection ID 'spark_default' for task execution.
[2026-04-26T16:59:29.343+0000] {spark_submit.py:340} INFO - Spark-Submit cmd: spark-submit --master yarn --name arrow-spark --verbose --queue root.default /opt/airflow/dags/scripts/landing_to_bronze.py
[2026-04-26T16:59:29.395+0000] {spark_submit.py:491} INFO - /home/airflow/.local/lib/python3.11/site-packages/pyspark/bin/load-spark-env.sh: line 68: ps: command not found
[2026-04-26T16:59:29.396+0000] {spark_submit.py:491} INFO - JAVA_HOME is not set
[2026-04-26T16:59:29.398+0000] {taskinstance.py:1935} ERROR - Task failed with exception
Traceback (most recent call last):
  File "/home/airflow/.local/lib/python3.11/site-packages/airflow/providers/apache/spark/operators/spark_submit.py", line 156, in execute
    self._hook.submit(self._application)
  File "/home/airflow/.local/lib/python3.11/site-packages/airflow/providers/apache/spark/hooks/spark_submit.py", line 422, in submit
    raise AirflowException(
airflow.exceptions.AirflowException: Cannot execute: spark-submit --master yarn --name arrow-spark --verbose --queue root.default /opt/airflow/dags/scripts/landing_to_bronze.py. Error code is: 1.
[2026-04-26T16:59:29.399+0000] {taskinstance.py:1398} INFO - Marking task as FAILED. dag_id=multi_hop_datalake_pipeline, task_id=landing_to_bronze, execution_date=20260426T165927, start_date=20260426T165929, end_date=20260426T165929
[2026-04-26T16:59:29.403+0000] {standard_task_runner.py:104} ERROR - Failed to execute job 2 for task landing_to_bronze (Cannot execute: spark-submit --master yarn --name arrow-spark --verbose --queue root.default /opt/airflow/dags/scripts/landing_to_bronze.py. Error code is: 1.; 89)
[2026-04-26T16:59:29.429+0000] {local_task_job_runner.py:228} INFO - Task exited with return code 1
[2026-04-26T16:59:29.444+0000] {taskinstance.py:2776} INFO - 0 downstream tasks scheduled from follow-on schedule check
