[2026-04-26T17:05:47.075+0000] {taskinstance.py:1157} INFO - Dependencies all met for dep_context=non-requeueable deps ti=<TaskInstance: multi_hop_datalake_pipeline.silver_to_gold manual__2026-04-26T17:04:29.647835+00:00 [queued]>
[2026-04-26T17:05:47.078+0000] {taskinstance.py:1157} INFO - Dependencies all met for dep_context=requeueable deps ti=<TaskInstance: multi_hop_datalake_pipeline.silver_to_gold manual__2026-04-26T17:04:29.647835+00:00 [queued]>
[2026-04-26T17:05:47.078+0000] {taskinstance.py:1359} INFO - Starting attempt 1 of 1
[2026-04-26T17:05:47.083+0000] {taskinstance.py:1380} INFO - Executing <Task(SparkSubmitOperator): silver_to_gold> on 2026-04-26 17:04:29.647835+00:00
[2026-04-26T17:05:47.087+0000] {standard_task_runner.py:57} INFO - Started process 4246 to run task
[2026-04-26T17:05:47.088+0000] {standard_task_runner.py:84} INFO - Running: ['airflow', 'tasks', 'run', 'multi_hop_datalake_pipeline', 'silver_to_gold', 'manual__2026-04-26T17:04:29.647835+00:00', '--job-id', '7', '--raw', '--subdir', 'DAGS_FOLDER/project_solution.py', '--cfg-path', '/tmp/tmpp1dodija']
[2026-04-26T17:05:47.089+0000] {standard_task_runner.py:85} INFO - Job 7: Subtask silver_to_gold
[2026-04-26T17:05:47.104+0000] {task_command.py:415} INFO - Running <TaskInstance: multi_hop_datalake_pipeline.silver_to_gold manual__2026-04-26T17:04:29.647835+00:00 [running]> on host 752c3e6134d3
[2026-04-26T17:05:47.137+0000] {taskinstance.py:1660} INFO - Exporting env vars: AIRFLOW_CTX_DAG_OWNER='airflow' AIRFLOW_CTX_DAG_ID='multi_hop_datalake_pipeline' AIRFLOW_CTX_TASK_ID='silver_to_gold' AIRFLOW_CTX_EXECUTION_DATE='2026-04-26T17:04:29.647835+00:00' AIRFLOW_CTX_TRY_NUMBER='1' AIRFLOW_CTX_DAG_RUN_ID='manual__2026-04-26T17:04:29.647835+00:00'
[2026-04-26T17:05:47.140+0000] {base.py:73} INFO - Using connection ID 'spark_default' for task execution.
[2026-04-26T17:05:47.141+0000] {spark_submit.py:340} INFO - Spark-Submit cmd: spark-submit --master local[*] --name arrow-spark --verbose --queue root.default /opt/airflow/dags/scripts/silver_to_gold.py
[2026-04-26T17:05:47.940+0000] {spark_submit.py:491} INFO - Using properties file: null
[2026-04-26T17:05:47.994+0000] {spark_submit.py:491} INFO - Parsed arguments:
[2026-04-26T17:05:47.994+0000] {spark_submit.py:491} INFO - master                  local[*]
[2026-04-26T17:05:47.994+0000] {spark_submit.py:491} INFO - remote                  null
[2026-04-26T17:05:47.994+0000] {spark_submit.py:491} INFO - deployMode              null
[2026-04-26T17:05:47.994+0000] {spark_submit.py:491} INFO - executorMemory          null
[2026-04-26T17:05:47.994+0000] {spark_submit.py:491} INFO - executorCores           null
[2026-04-26T17:05:47.994+0000] {spark_submit.py:491} INFO - totalExecutorCores      null
[2026-04-26T17:05:47.994+0000] {spark_submit.py:491} INFO - propertiesFile          null
[2026-04-26T17:05:47.994+0000] {spark_submit.py:491} INFO - driverMemory            null
[2026-04-26T17:05:47.994+0000] {spark_submit.py:491} INFO - driverCores             null
[2026-04-26T17:05:47.994+0000] {spark_submit.py:491} INFO - driverExtraClassPath    null
[2026-04-26T17:05:47.994+0000] {spark_submit.py:491} INFO - driverExtraLibraryPath  null
[2026-04-26T17:05:47.994+0000] {spark_submit.py:491} INFO - driverExtraJavaOptions  null
[2026-04-26T17:05:47.994+0000] {spark_submit.py:491} INFO - supervise               false
[2026-04-26T17:05:47.994+0000] {spark_submit.py:491} INFO - queue                   root.default
[2026-04-26T17:05:47.994+0000] {spark_submit.py:491} INFO - numExecutors            null
[2026-04-26T17:05:47.994+0000] {spark_submit.py:491} INFO - files                   null
[2026-04-26T17:05:47.994+0000] {spark_submit.py:491} INFO - pyFiles                 null
[2026-04-26T17:05:47.994+0000] {spark_submit.py:491} INFO - archives                null
[2026-04-26T17:05:47.994+0000] {spark_submit.py:491} INFO - mainClass               null
[2026-04-26T17:05:47.994+0000] {spark_submit.py:491} INFO - primaryResource         file:/opt/airflow/dags/scripts/silver_to_gold.py
[2026-04-26T17:05:47.994+0000] {spark_submit.py:491} INFO - name                    arrow-spark
[2026-04-26T17:05:47.994+0000] {spark_submit.py:491} INFO - childArgs               []
[2026-04-26T17:05:47.994+0000] {spark_submit.py:491} INFO - jars                    null
[2026-04-26T17:05:47.994+0000] {spark_submit.py:491} INFO - packages                null
[2026-04-26T17:05:47.994+0000] {spark_submit.py:491} INFO - packagesExclusions      null
[2026-04-26T17:05:47.994+0000] {spark_submit.py:491} INFO - repositories            null
[2026-04-26T17:05:47.994+0000] {spark_submit.py:491} INFO - verbose                 true
[2026-04-26T17:05:47.994+0000] {spark_submit.py:491} INFO - 
[2026-04-26T17:05:47.994+0000] {spark_submit.py:491} INFO - Spark properties used, including those specified through
[2026-04-26T17:05:47.994+0000] {spark_submit.py:491} INFO - --conf and those from the properties file null:
[2026-04-26T17:05:47.994+0000] {spark_submit.py:491} INFO - 
[2026-04-26T17:05:47.994+0000] {spark_submit.py:491} INFO - 
[2026-04-26T17:05:47.994+0000] {spark_submit.py:491} INFO - 
[2026-04-26T17:05:48.150+0000] {spark_submit.py:491} INFO - Main class:
[2026-04-26T17:05:48.150+0000] {spark_submit.py:491} INFO - org.apache.spark.deploy.PythonRunner
[2026-04-26T17:05:48.150+0000] {spark_submit.py:491} INFO - Arguments:
[2026-04-26T17:05:48.150+0000] {spark_submit.py:491} INFO - file:/opt/airflow/dags/scripts/silver_to_gold.py
[2026-04-26T17:05:48.150+0000] {spark_submit.py:491} INFO - null
[2026-04-26T17:05:48.152+0000] {spark_submit.py:491} INFO - Spark config:
[2026-04-26T17:05:48.152+0000] {spark_submit.py:491} INFO - (spark.app.name,arrow-spark)
[2026-04-26T17:05:48.152+0000] {spark_submit.py:491} INFO - (spark.app.submitTime,1777223148143)
[2026-04-26T17:05:48.152+0000] {spark_submit.py:491} INFO - (spark.master,local[*])
[2026-04-26T17:05:48.152+0000] {spark_submit.py:491} INFO - (spark.submit.deployMode,client)
[2026-04-26T17:05:48.152+0000] {spark_submit.py:491} INFO - (spark.submit.pyFiles,)
[2026-04-26T17:05:48.152+0000] {spark_submit.py:491} INFO - Classpath elements:
[2026-04-26T17:05:48.152+0000] {spark_submit.py:491} INFO - 
[2026-04-26T17:05:48.152+0000] {spark_submit.py:491} INFO - 
[2026-04-26T17:05:48.152+0000] {spark_submit.py:491} INFO - 
[2026-04-26T17:05:48.665+0000] {spark_submit.py:491} INFO - 26/04/26 17:05:48 INFO SparkContext: Running Spark version 3.4.1
[2026-04-26T17:05:48.700+0000] {spark_submit.py:491} INFO - 26/04/26 17:05:48 WARN NativeCodeLoader: Unable to load native-hadoop library for your platform... using builtin-java classes where applicable
[2026-04-26T17:05:48.745+0000] {spark_submit.py:491} INFO - 26/04/26 17:05:48 INFO ResourceUtils: ==============================================================
[2026-04-26T17:05:48.745+0000] {spark_submit.py:491} INFO - 26/04/26 17:05:48 INFO ResourceUtils: No custom resources configured for spark.driver.
[2026-04-26T17:05:48.745+0000] {spark_submit.py:491} INFO - 26/04/26 17:05:48 INFO ResourceUtils: ==============================================================
[2026-04-26T17:05:48.745+0000] {spark_submit.py:491} INFO - 26/04/26 17:05:48 INFO SparkContext: Submitted application: SilverToGold
[2026-04-26T17:05:48.756+0000] {spark_submit.py:491} INFO - 26/04/26 17:05:48 INFO ResourceProfile: Default ResourceProfile created, executor resources: Map(cores -> name: cores, amount: 1, script: , vendor: , memory -> name: memory, amount: 1024, script: , vendor: , offHeap -> name: offHeap, amount: 0, script: , vendor: ), task resources: Map(cpus -> name: cpus, amount: 1.0)
[2026-04-26T17:05:48.761+0000] {spark_submit.py:491} INFO - 26/04/26 17:05:48 INFO ResourceProfile: Limiting resource is cpu
[2026-04-26T17:05:48.761+0000] {spark_submit.py:491} INFO - 26/04/26 17:05:48 INFO ResourceProfileManager: Added ResourceProfile id: 0
[2026-04-26T17:05:48.788+0000] {spark_submit.py:491} INFO - 26/04/26 17:05:48 INFO SecurityManager: Changing view acls to: airflow
[2026-04-26T17:05:48.789+0000] {spark_submit.py:491} INFO - 26/04/26 17:05:48 INFO SecurityManager: Changing modify acls to: airflow
[2026-04-26T17:05:48.789+0000] {spark_submit.py:491} INFO - 26/04/26 17:05:48 INFO SecurityManager: Changing view acls groups to:
[2026-04-26T17:05:48.789+0000] {spark_submit.py:491} INFO - 26/04/26 17:05:48 INFO SecurityManager: Changing modify acls groups to:
[2026-04-26T17:05:48.789+0000] {spark_submit.py:491} INFO - 26/04/26 17:05:48 INFO SecurityManager: SecurityManager: authentication disabled; ui acls disabled; users with view permissions: airflow; groups with view permissions: EMPTY; users with modify permissions: airflow; groups with modify permissions: EMPTY
[2026-04-26T17:05:48.890+0000] {spark_submit.py:491} INFO - 26/04/26 17:05:48 INFO Utils: Successfully started service 'sparkDriver' on port 41629.
[2026-04-26T17:05:48.904+0000] {spark_submit.py:491} INFO - 26/04/26 17:05:48 INFO SparkEnv: Registering MapOutputTracker
[2026-04-26T17:05:48.921+0000] {spark_submit.py:491} INFO - 26/04/26 17:05:48 INFO SparkEnv: Registering BlockManagerMaster
[2026-04-26T17:05:48.929+0000] {spark_submit.py:491} INFO - 26/04/26 17:05:48 INFO BlockManagerMasterEndpoint: Using org.apache.spark.storage.DefaultTopologyMapper for getting topology information
[2026-04-26T17:05:48.930+0000] {spark_submit.py:491} INFO - 26/04/26 17:05:48 INFO BlockManagerMasterEndpoint: BlockManagerMasterEndpoint up
[2026-04-26T17:05:48.932+0000] {spark_submit.py:491} INFO - 26/04/26 17:05:48 INFO SparkEnv: Registering BlockManagerMasterHeartbeat
[2026-04-26T17:05:48.943+0000] {spark_submit.py:491} INFO - 26/04/26 17:05:48 INFO DiskBlockManager: Created local directory at /tmp/blockmgr-82e58ed2-4c68-479f-bcc6-7e34ff4c7caa
[2026-04-26T17:05:48.952+0000] {spark_submit.py:491} INFO - 26/04/26 17:05:48 INFO MemoryStore: MemoryStore started with capacity 434.4 MiB
[2026-04-26T17:05:48.961+0000] {spark_submit.py:491} INFO - 26/04/26 17:05:48 INFO SparkEnv: Registering OutputCommitCoordinator
[2026-04-26T17:05:49.036+0000] {spark_submit.py:491} INFO - 26/04/26 17:05:49 INFO JettyUtils: Start Jetty 0.0.0.0:4040 for SparkUI
[2026-04-26T17:05:49.070+0000] {spark_submit.py:491} INFO - 26/04/26 17:05:49 INFO Utils: Successfully started service 'SparkUI' on port 4040.
[2026-04-26T17:05:49.123+0000] {spark_submit.py:491} INFO - 26/04/26 17:05:49 INFO Executor: Starting executor ID driver on host 752c3e6134d3
[2026-04-26T17:05:49.127+0000] {spark_submit.py:491} INFO - 26/04/26 17:05:49 INFO Executor: Starting executor with user classpath (userClassPathFirst = false): ''
[2026-04-26T17:05:49.139+0000] {spark_submit.py:491} INFO - 26/04/26 17:05:49 INFO Utils: Successfully started service 'org.apache.spark.network.netty.NettyBlockTransferService' on port 37421.
[2026-04-26T17:05:49.139+0000] {spark_submit.py:491} INFO - 26/04/26 17:05:49 INFO NettyBlockTransferService: Server created on 752c3e6134d3:37421
[2026-04-26T17:05:49.140+0000] {spark_submit.py:491} INFO - 26/04/26 17:05:49 INFO BlockManager: Using org.apache.spark.storage.RandomBlockReplicationPolicy for block replication policy
[2026-04-26T17:05:49.143+0000] {spark_submit.py:491} INFO - 26/04/26 17:05:49 INFO BlockManagerMaster: Registering BlockManager BlockManagerId(driver, 752c3e6134d3, 37421, None)
[2026-04-26T17:05:49.146+0000] {spark_submit.py:491} INFO - 26/04/26 17:05:49 INFO BlockManagerMasterEndpoint: Registering block manager 752c3e6134d3:37421 with 434.4 MiB RAM, BlockManagerId(driver, 752c3e6134d3, 37421, None)
[2026-04-26T17:05:49.147+0000] {spark_submit.py:491} INFO - 26/04/26 17:05:49 INFO BlockManagerMaster: Registered BlockManager BlockManagerId(driver, 752c3e6134d3, 37421, None)
[2026-04-26T17:05:49.148+0000] {spark_submit.py:491} INFO - 26/04/26 17:05:49 INFO BlockManager: Initialized BlockManager: BlockManagerId(driver, 752c3e6134d3, 37421, None)
[2026-04-26T17:05:49.334+0000] {spark_submit.py:491} INFO - 26/04/26 17:05:49 INFO SharedState: Setting hive.metastore.warehouse.dir ('null') to the value of spark.sql.warehouse.dir.
[2026-04-26T17:05:49.339+0000] {spark_submit.py:491} INFO - 26/04/26 17:05:49 INFO SharedState: Warehouse path is 'file:/opt/airflow/spark-warehouse'.
[2026-04-26T17:05:49.794+0000] {spark_submit.py:491} INFO - 26/04/26 17:05:49 INFO InMemoryFileIndex: It took 31 ms to list leaf files for 1 paths.
[2026-04-26T17:05:49.996+0000] {spark_submit.py:491} INFO - 26/04/26 17:05:49 INFO SparkContext: Starting job: parquet at NativeMethodAccessorImpl.java:0
[2026-04-26T17:05:50.003+0000] {spark_submit.py:491} INFO - 26/04/26 17:05:50 INFO DAGScheduler: Got job 0 (parquet at NativeMethodAccessorImpl.java:0) with 1 output partitions
[2026-04-26T17:05:50.003+0000] {spark_submit.py:491} INFO - 26/04/26 17:05:50 INFO DAGScheduler: Final stage: ResultStage 0 (parquet at NativeMethodAccessorImpl.java:0)
[2026-04-26T17:05:50.003+0000] {spark_submit.py:491} INFO - 26/04/26 17:05:50 INFO DAGScheduler: Parents of final stage: List()
[2026-04-26T17:05:50.004+0000] {spark_submit.py:491} INFO - 26/04/26 17:05:50 INFO DAGScheduler: Missing parents: List()
[2026-04-26T17:05:50.005+0000] {spark_submit.py:491} INFO - 26/04/26 17:05:50 INFO DAGScheduler: Submitting ResultStage 0 (MapPartitionsRDD[1] at parquet at NativeMethodAccessorImpl.java:0), which has no missing parents
[2026-04-26T17:05:50.039+0000] {spark_submit.py:491} INFO - 26/04/26 17:05:50 INFO MemoryStore: Block broadcast_0 stored as values in memory (estimated size 103.1 KiB, free 434.3 MiB)
[2026-04-26T17:05:50.057+0000] {spark_submit.py:491} INFO - 26/04/26 17:05:50 INFO MemoryStore: Block broadcast_0_piece0 stored as bytes in memory (estimated size 37.1 KiB, free 434.3 MiB)
[2026-04-26T17:05:50.058+0000] {spark_submit.py:491} INFO - 26/04/26 17:05:50 INFO BlockManagerInfo: Added broadcast_0_piece0 in memory on 752c3e6134d3:37421 (size: 37.1 KiB, free: 434.4 MiB)
[2026-04-26T17:05:50.060+0000] {spark_submit.py:491} INFO - 26/04/26 17:05:50 INFO SparkContext: Created broadcast 0 from broadcast at DAGScheduler.scala:1535
[2026-04-26T17:05:50.067+0000] {spark_submit.py:491} INFO - 26/04/26 17:05:50 INFO DAGScheduler: Submitting 1 missing tasks from ResultStage 0 (MapPartitionsRDD[1] at parquet at NativeMethodAccessorImpl.java:0) (first 15 tasks are for partitions Vector(0))
[2026-04-26T17:05:50.067+0000] {spark_submit.py:491} INFO - 26/04/26 17:05:50 INFO TaskSchedulerImpl: Adding task set 0.0 with 1 tasks resource profile 0
[2026-04-26T17:05:50.100+0000] {spark_submit.py:491} INFO - 26/04/26 17:05:50 INFO TaskSetManager: Starting task 0.0 in stage 0.0 (TID 0) (752c3e6134d3, executor driver, partition 0, PROCESS_LOCAL, 7562 bytes)
[2026-04-26T17:05:50.107+0000] {spark_submit.py:491} INFO - 26/04/26 17:05:50 INFO Executor: Running task 0.0 in stage 0.0 (TID 0)
[2026-04-26T17:05:50.282+0000] {spark_submit.py:491} INFO - 26/04/26 17:05:50 INFO Executor: Finished task 0.0 in stage 0.0 (TID 0). 2178 bytes result sent to driver
[2026-04-26T17:05:50.287+0000] {spark_submit.py:491} INFO - 26/04/26 17:05:50 INFO TaskSetManager: Finished task 0.0 in stage 0.0 (TID 0) in 197 ms on 752c3e6134d3 (executor driver) (1/1)
[2026-04-26T17:05:50.288+0000] {spark_submit.py:491} INFO - 26/04/26 17:05:50 INFO TaskSchedulerImpl: Removed TaskSet 0.0, whose tasks have all completed, from pool
[2026-04-26T17:05:50.290+0000] {spark_submit.py:491} INFO - 26/04/26 17:05:50 INFO DAGScheduler: ResultStage 0 (parquet at NativeMethodAccessorImpl.java:0) finished in 0.278 s
[2026-04-26T17:05:50.292+0000] {spark_submit.py:491} INFO - 26/04/26 17:05:50 INFO DAGScheduler: Job 0 is finished. Cancelling potential speculative or zombie tasks for this job
[2026-04-26T17:05:50.293+0000] {spark_submit.py:491} INFO - 26/04/26 17:05:50 INFO TaskSchedulerImpl: Killing all running tasks in stage 0: Stage finished
[2026-04-26T17:05:50.294+0000] {spark_submit.py:491} INFO - 26/04/26 17:05:50 INFO DAGScheduler: Job 0 finished: parquet at NativeMethodAccessorImpl.java:0, took 0.297576 s
[2026-04-26T17:05:50.325+0000] {spark_submit.py:491} INFO - 26/04/26 17:05:50 INFO BlockManagerInfo: Removed broadcast_0_piece0 on 752c3e6134d3:37421 in memory (size: 37.1 KiB, free: 434.4 MiB)
[2026-04-26T17:05:50.944+0000] {spark_submit.py:491} INFO - 26/04/26 17:05:50 INFO InMemoryFileIndex: It took 3 ms to list leaf files for 1 paths.
[2026-04-26T17:05:50.961+0000] {spark_submit.py:491} INFO - 26/04/26 17:05:50 INFO SparkContext: Starting job: parquet at NativeMethodAccessorImpl.java:0
[2026-04-26T17:05:50.962+0000] {spark_submit.py:491} INFO - 26/04/26 17:05:50 INFO DAGScheduler: Got job 1 (parquet at NativeMethodAccessorImpl.java:0) with 1 output partitions
[2026-04-26T17:05:50.962+0000] {spark_submit.py:491} INFO - 26/04/26 17:05:50 INFO DAGScheduler: Final stage: ResultStage 1 (parquet at NativeMethodAccessorImpl.java:0)
[2026-04-26T17:05:50.962+0000] {spark_submit.py:491} INFO - 26/04/26 17:05:50 INFO DAGScheduler: Parents of final stage: List()
[2026-04-26T17:05:50.962+0000] {spark_submit.py:491} INFO - 26/04/26 17:05:50 INFO DAGScheduler: Missing parents: List()
[2026-04-26T17:05:50.964+0000] {spark_submit.py:491} INFO - 26/04/26 17:05:50 INFO DAGScheduler: Submitting ResultStage 1 (MapPartitionsRDD[3] at parquet at NativeMethodAccessorImpl.java:0), which has no missing parents
[2026-04-26T17:05:50.968+0000] {spark_submit.py:491} INFO - 26/04/26 17:05:50 INFO MemoryStore: Block broadcast_1 stored as values in memory (estimated size 103.1 KiB, free 434.3 MiB)
[2026-04-26T17:05:50.970+0000] {spark_submit.py:491} INFO - 26/04/26 17:05:50 INFO MemoryStore: Block broadcast_1_piece0 stored as bytes in memory (estimated size 37.1 KiB, free 434.3 MiB)
[2026-04-26T17:05:50.971+0000] {spark_submit.py:491} INFO - 26/04/26 17:05:50 INFO BlockManagerInfo: Added broadcast_1_piece0 in memory on 752c3e6134d3:37421 (size: 37.1 KiB, free: 434.4 MiB)
[2026-04-26T17:05:50.972+0000] {spark_submit.py:491} INFO - 26/04/26 17:05:50 INFO SparkContext: Created broadcast 1 from broadcast at DAGScheduler.scala:1535
[2026-04-26T17:05:50.972+0000] {spark_submit.py:491} INFO - 26/04/26 17:05:50 INFO DAGScheduler: Submitting 1 missing tasks from ResultStage 1 (MapPartitionsRDD[3] at parquet at NativeMethodAccessorImpl.java:0) (first 15 tasks are for partitions Vector(0))
[2026-04-26T17:05:50.972+0000] {spark_submit.py:491} INFO - 26/04/26 17:05:50 INFO TaskSchedulerImpl: Adding task set 1.0 with 1 tasks resource profile 0
[2026-04-26T17:05:50.973+0000] {spark_submit.py:491} INFO - 26/04/26 17:05:50 INFO TaskSetManager: Starting task 0.0 in stage 1.0 (TID 1) (752c3e6134d3, executor driver, partition 0, PROCESS_LOCAL, 7572 bytes)
[2026-04-26T17:05:50.974+0000] {spark_submit.py:491} INFO - 26/04/26 17:05:50 INFO Executor: Running task 0.0 in stage 1.0 (TID 1)
[2026-04-26T17:05:50.989+0000] {spark_submit.py:491} INFO - 26/04/26 17:05:50 INFO Executor: Finished task 0.0 in stage 1.0 (TID 1). 2225 bytes result sent to driver
[2026-04-26T17:05:50.991+0000] {spark_submit.py:491} INFO - 26/04/26 17:05:50 INFO TaskSetManager: Finished task 0.0 in stage 1.0 (TID 1) in 18 ms on 752c3e6134d3 (executor driver) (1/1)
[2026-04-26T17:05:50.992+0000] {spark_submit.py:491} INFO - 26/04/26 17:05:50 INFO TaskSchedulerImpl: Removed TaskSet 1.0, whose tasks have all completed, from pool
[2026-04-26T17:05:50.992+0000] {spark_submit.py:491} INFO - 26/04/26 17:05:50 INFO DAGScheduler: ResultStage 1 (parquet at NativeMethodAccessorImpl.java:0) finished in 0.028 s
[2026-04-26T17:05:50.992+0000] {spark_submit.py:491} INFO - 26/04/26 17:05:50 INFO DAGScheduler: Job 1 is finished. Cancelling potential speculative or zombie tasks for this job
[2026-04-26T17:05:50.992+0000] {spark_submit.py:491} INFO - 26/04/26 17:05:50 INFO TaskSchedulerImpl: Killing all running tasks in stage 1: Stage finished
[2026-04-26T17:05:50.993+0000] {spark_submit.py:491} INFO - 26/04/26 17:05:50 INFO DAGScheduler: Job 1 finished: parquet at NativeMethodAccessorImpl.java:0, took 0.031218 s
[2026-04-26T17:05:51.139+0000] {spark_submit.py:491} INFO - Traceback (most recent call last):
[2026-04-26T17:05:51.139+0000] {spark_submit.py:491} INFO - File "/opt/airflow/dags/scripts/silver_to_gold.py", line 25, in <module>
[2026-04-26T17:05:51.139+0000] {spark_submit.py:491} INFO - process_silver_to_gold()
[2026-04-26T17:05:51.139+0000] {spark_submit.py:491} INFO - File "/opt/airflow/dags/scripts/silver_to_gold.py", line 13, in process_silver_to_gold
[2026-04-26T17:05:51.139+0000] {spark_submit.py:491} INFO - .agg(
[2026-04-26T17:05:51.139+0000] {spark_submit.py:491} INFO - ^^^^
[2026-04-26T17:05:51.139+0000] {spark_submit.py:491} INFO - File "/home/airflow/.local/lib/python3.11/site-packages/pyspark/python/lib/pyspark.zip/pyspark/sql/group.py", line 175, in agg
[2026-04-26T17:05:51.139+0000] {spark_submit.py:491} INFO - File "/home/airflow/.local/lib/python3.11/site-packages/pyspark/python/lib/py4j-0.10.9.7-src.zip/py4j/java_gateway.py", line 1322, in __call__
[2026-04-26T17:05:51.139+0000] {spark_submit.py:491} INFO - File "/home/airflow/.local/lib/python3.11/site-packages/pyspark/python/lib/pyspark.zip/pyspark/errors/exceptions/captured.py", line 175, in deco
[2026-04-26T17:05:51.141+0000] {spark_submit.py:491} INFO - pyspark.errors.exceptions.captured.AnalysisException: [AMBIGUOUS_REFERENCE] Reference `country_noc` is ambiguous, could be: [`country_noc`, `country_noc`].
[2026-04-26T17:05:51.167+0000] {spark_submit.py:491} INFO - 26/04/26 17:05:51 INFO SparkContext: Invoking stop() from shutdown hook
[2026-04-26T17:05:51.167+0000] {spark_submit.py:491} INFO - 26/04/26 17:05:51 INFO SparkContext: SparkContext is stopping with exitCode 0.
[2026-04-26T17:05:51.174+0000] {spark_submit.py:491} INFO - 26/04/26 17:05:51 INFO SparkUI: Stopped Spark web UI at http://752c3e6134d3:4040
[2026-04-26T17:05:51.182+0000] {spark_submit.py:491} INFO - 26/04/26 17:05:51 INFO MapOutputTrackerMasterEndpoint: MapOutputTrackerMasterEndpoint stopped!
[2026-04-26T17:05:51.192+0000] {spark_submit.py:491} INFO - 26/04/26 17:05:51 INFO MemoryStore: MemoryStore cleared
[2026-04-26T17:05:51.192+0000] {spark_submit.py:491} INFO - 26/04/26 17:05:51 INFO BlockManager: BlockManager stopped
[2026-04-26T17:05:51.195+0000] {spark_submit.py:491} INFO - 26/04/26 17:05:51 INFO BlockManagerMaster: BlockManagerMaster stopped
[2026-04-26T17:05:51.198+0000] {spark_submit.py:491} INFO - 26/04/26 17:05:51 INFO OutputCommitCoordinator$OutputCommitCoordinatorEndpoint: OutputCommitCoordinator stopped!
[2026-04-26T17:05:51.205+0000] {spark_submit.py:491} INFO - 26/04/26 17:05:51 INFO SparkContext: Successfully stopped SparkContext
[2026-04-26T17:05:51.206+0000] {spark_submit.py:491} INFO - 26/04/26 17:05:51 INFO ShutdownHookManager: Shutdown hook called
[2026-04-26T17:05:51.206+0000] {spark_submit.py:491} INFO - 26/04/26 17:05:51 INFO ShutdownHookManager: Deleting directory /tmp/spark-ba9836bb-4c11-479c-8e38-9724dbab30e3
[2026-04-26T17:05:51.210+0000] {spark_submit.py:491} INFO - 26/04/26 17:05:51 INFO ShutdownHookManager: Deleting directory /tmp/spark-e97e23d2-0bd5-4505-821e-7998d3415333/pyspark-6776638c-50ba-46a6-938f-ee5d1b84c8dc
[2026-04-26T17:05:51.214+0000] {spark_submit.py:491} INFO - 26/04/26 17:05:51 INFO ShutdownHookManager: Deleting directory /tmp/spark-e97e23d2-0bd5-4505-821e-7998d3415333
[2026-04-26T17:05:51.288+0000] {taskinstance.py:1935} ERROR - Task failed with exception
Traceback (most recent call last):
  File "/home/airflow/.local/lib/python3.11/site-packages/airflow/providers/apache/spark/operators/spark_submit.py", line 156, in execute
    self._hook.submit(self._application)
  File "/home/airflow/.local/lib/python3.11/site-packages/airflow/providers/apache/spark/hooks/spark_submit.py", line 422, in submit
    raise AirflowException(
airflow.exceptions.AirflowException: Cannot execute: spark-submit --master local[*] --name arrow-spark --verbose --queue root.default /opt/airflow/dags/scripts/silver_to_gold.py. Error code is: 1.
[2026-04-26T17:05:51.291+0000] {taskinstance.py:1398} INFO - Marking task as FAILED. dag_id=multi_hop_datalake_pipeline, task_id=silver_to_gold, execution_date=20260426T170429, start_date=20260426T170547, end_date=20260426T170551
[2026-04-26T17:05:51.298+0000] {standard_task_runner.py:104} ERROR - Failed to execute job 7 for task silver_to_gold (Cannot execute: spark-submit --master local[*] --name arrow-spark --verbose --queue root.default /opt/airflow/dags/scripts/silver_to_gold.py. Error code is: 1.; 4246)
[2026-04-26T17:05:51.312+0000] {local_task_job_runner.py:228} INFO - Task exited with return code 1
[2026-04-26T17:05:51.324+0000] {taskinstance.py:2776} INFO - 0 downstream tasks scheduled from follow-on schedule check
