[2026-04-26T17:02:55.968+0000] {taskinstance.py:1157} INFO - Dependencies all met for dep_context=non-requeueable deps ti=<TaskInstance: multi_hop_datalake_pipeline.landing_to_bronze manual__2026-04-26T17:02:53.668728+00:00 [queued]>
[2026-04-26T17:02:55.970+0000] {taskinstance.py:1157} INFO - Dependencies all met for dep_context=requeueable deps ti=<TaskInstance: multi_hop_datalake_pipeline.landing_to_bronze manual__2026-04-26T17:02:53.668728+00:00 [queued]>
[2026-04-26T17:02:55.971+0000] {taskinstance.py:1359} INFO - Starting attempt 1 of 1
[2026-04-26T17:02:55.975+0000] {taskinstance.py:1380} INFO - Executing <Task(SparkSubmitOperator): landing_to_bronze> on 2026-04-26 17:02:53.668728+00:00
[2026-04-26T17:02:55.977+0000] {standard_task_runner.py:57} INFO - Started process 2424 to run task
[2026-04-26T17:02:55.979+0000] {standard_task_runner.py:84} INFO - Running: ['airflow', 'tasks', 'run', 'multi_hop_datalake_pipeline', 'landing_to_bronze', 'manual__2026-04-26T17:02:53.668728+00:00', '--job-id', '4', '--raw', '--subdir', 'DAGS_FOLDER/project_solution.py', '--cfg-path', '/tmp/tmpfecvggnt']
[2026-04-26T17:02:55.980+0000] {standard_task_runner.py:85} INFO - Job 4: Subtask landing_to_bronze
[2026-04-26T17:02:55.993+0000] {task_command.py:415} INFO - Running <TaskInstance: multi_hop_datalake_pipeline.landing_to_bronze manual__2026-04-26T17:02:53.668728+00:00 [running]> on host 752c3e6134d3
[2026-04-26T17:02:56.013+0000] {taskinstance.py:1660} INFO - Exporting env vars: AIRFLOW_CTX_DAG_OWNER='airflow' AIRFLOW_CTX_DAG_ID='multi_hop_datalake_pipeline' AIRFLOW_CTX_TASK_ID='landing_to_bronze' AIRFLOW_CTX_EXECUTION_DATE='2026-04-26T17:02:53.668728+00:00' AIRFLOW_CTX_TRY_NUMBER='1' AIRFLOW_CTX_DAG_RUN_ID='manual__2026-04-26T17:02:53.668728+00:00'
[2026-04-26T17:02:56.015+0000] {base.py:73} INFO - Using connection ID 'spark_default' for task execution.
[2026-04-26T17:02:56.015+0000] {spark_submit.py:340} INFO - Spark-Submit cmd: spark-submit --master local[*] --name arrow-spark --verbose --queue root.default /opt/airflow/dags/scripts/landing_to_bronze.py
[2026-04-26T17:02:56.668+0000] {spark_submit.py:491} INFO - Using properties file: null
[2026-04-26T17:02:56.715+0000] {spark_submit.py:491} INFO - Parsed arguments:
[2026-04-26T17:02:56.715+0000] {spark_submit.py:491} INFO - master                  local[*]
[2026-04-26T17:02:56.715+0000] {spark_submit.py:491} INFO - remote                  null
[2026-04-26T17:02:56.715+0000] {spark_submit.py:491} INFO - deployMode              null
[2026-04-26T17:02:56.715+0000] {spark_submit.py:491} INFO - executorMemory          null
[2026-04-26T17:02:56.715+0000] {spark_submit.py:491} INFO - executorCores           null
[2026-04-26T17:02:56.715+0000] {spark_submit.py:491} INFO - totalExecutorCores      null
[2026-04-26T17:02:56.715+0000] {spark_submit.py:491} INFO - propertiesFile          null
[2026-04-26T17:02:56.715+0000] {spark_submit.py:491} INFO - driverMemory            null
[2026-04-26T17:02:56.715+0000] {spark_submit.py:491} INFO - driverCores             null
[2026-04-26T17:02:56.715+0000] {spark_submit.py:491} INFO - driverExtraClassPath    null
[2026-04-26T17:02:56.715+0000] {spark_submit.py:491} INFO - driverExtraLibraryPath  null
[2026-04-26T17:02:56.715+0000] {spark_submit.py:491} INFO - driverExtraJavaOptions  null
[2026-04-26T17:02:56.715+0000] {spark_submit.py:491} INFO - supervise               false
[2026-04-26T17:02:56.715+0000] {spark_submit.py:491} INFO - queue                   root.default
[2026-04-26T17:02:56.715+0000] {spark_submit.py:491} INFO - numExecutors            null
[2026-04-26T17:02:56.715+0000] {spark_submit.py:491} INFO - files                   null
[2026-04-26T17:02:56.715+0000] {spark_submit.py:491} INFO - pyFiles                 null
[2026-04-26T17:02:56.715+0000] {spark_submit.py:491} INFO - archives                null
[2026-04-26T17:02:56.715+0000] {spark_submit.py:491} INFO - mainClass               null
[2026-04-26T17:02:56.715+0000] {spark_submit.py:491} INFO - primaryResource         file:/opt/airflow/dags/scripts/landing_to_bronze.py
[2026-04-26T17:02:56.715+0000] {spark_submit.py:491} INFO - name                    arrow-spark
[2026-04-26T17:02:56.715+0000] {spark_submit.py:491} INFO - childArgs               []
[2026-04-26T17:02:56.715+0000] {spark_submit.py:491} INFO - jars                    null
[2026-04-26T17:02:56.715+0000] {spark_submit.py:491} INFO - packages                null
[2026-04-26T17:02:56.715+0000] {spark_submit.py:491} INFO - packagesExclusions      null
[2026-04-26T17:02:56.715+0000] {spark_submit.py:491} INFO - repositories            null
[2026-04-26T17:02:56.715+0000] {spark_submit.py:491} INFO - verbose                 true
[2026-04-26T17:02:56.715+0000] {spark_submit.py:491} INFO - 
[2026-04-26T17:02:56.715+0000] {spark_submit.py:491} INFO - Spark properties used, including those specified through
[2026-04-26T17:02:56.715+0000] {spark_submit.py:491} INFO - --conf and those from the properties file null:
[2026-04-26T17:02:56.715+0000] {spark_submit.py:491} INFO - 
[2026-04-26T17:02:56.715+0000] {spark_submit.py:491} INFO - 
[2026-04-26T17:02:56.715+0000] {spark_submit.py:491} INFO - 
[2026-04-26T17:02:56.851+0000] {spark_submit.py:491} INFO - Main class:
[2026-04-26T17:02:56.851+0000] {spark_submit.py:491} INFO - org.apache.spark.deploy.PythonRunner
[2026-04-26T17:02:56.851+0000] {spark_submit.py:491} INFO - Arguments:
[2026-04-26T17:02:56.851+0000] {spark_submit.py:491} INFO - file:/opt/airflow/dags/scripts/landing_to_bronze.py
[2026-04-26T17:02:56.851+0000] {spark_submit.py:491} INFO - null
[2026-04-26T17:02:56.852+0000] {spark_submit.py:491} INFO - Spark config:
[2026-04-26T17:02:56.852+0000] {spark_submit.py:491} INFO - (spark.app.name,arrow-spark)
[2026-04-26T17:02:56.852+0000] {spark_submit.py:491} INFO - (spark.app.submitTime,1777222976844)
[2026-04-26T17:02:56.852+0000] {spark_submit.py:491} INFO - (spark.master,local[*])
[2026-04-26T17:02:56.852+0000] {spark_submit.py:491} INFO - (spark.submit.deployMode,client)
[2026-04-26T17:02:56.852+0000] {spark_submit.py:491} INFO - (spark.submit.pyFiles,)
[2026-04-26T17:02:56.852+0000] {spark_submit.py:491} INFO - Classpath elements:
[2026-04-26T17:02:56.852+0000] {spark_submit.py:491} INFO - 
[2026-04-26T17:02:56.852+0000] {spark_submit.py:491} INFO - 
[2026-04-26T17:02:56.852+0000] {spark_submit.py:491} INFO - 
[2026-04-26T17:02:57.405+0000] {spark_submit.py:491} INFO - 26/04/26 17:02:57 INFO SparkContext: Running Spark version 3.4.1
[2026-04-26T17:02:57.435+0000] {spark_submit.py:491} INFO - 26/04/26 17:02:57 WARN NativeCodeLoader: Unable to load native-hadoop library for your platform... using builtin-java classes where applicable
[2026-04-26T17:02:57.473+0000] {spark_submit.py:491} INFO - 26/04/26 17:02:57 INFO ResourceUtils: ==============================================================
[2026-04-26T17:02:57.473+0000] {spark_submit.py:491} INFO - 26/04/26 17:02:57 INFO ResourceUtils: No custom resources configured for spark.driver.
[2026-04-26T17:02:57.473+0000] {spark_submit.py:491} INFO - 26/04/26 17:02:57 INFO ResourceUtils: ==============================================================
[2026-04-26T17:02:57.473+0000] {spark_submit.py:491} INFO - 26/04/26 17:02:57 INFO SparkContext: Submitted application: LandingToBronze_athlete_bio
[2026-04-26T17:02:57.482+0000] {spark_submit.py:491} INFO - 26/04/26 17:02:57 INFO ResourceProfile: Default ResourceProfile created, executor resources: Map(cores -> name: cores, amount: 1, script: , vendor: , memory -> name: memory, amount: 1024, script: , vendor: , offHeap -> name: offHeap, amount: 0, script: , vendor: ), task resources: Map(cpus -> name: cpus, amount: 1.0)
[2026-04-26T17:02:57.487+0000] {spark_submit.py:491} INFO - 26/04/26 17:02:57 INFO ResourceProfile: Limiting resource is cpu
[2026-04-26T17:02:57.487+0000] {spark_submit.py:491} INFO - 26/04/26 17:02:57 INFO ResourceProfileManager: Added ResourceProfile id: 0
[2026-04-26T17:02:57.509+0000] {spark_submit.py:491} INFO - 26/04/26 17:02:57 INFO SecurityManager: Changing view acls to: airflow
[2026-04-26T17:02:57.509+0000] {spark_submit.py:491} INFO - 26/04/26 17:02:57 INFO SecurityManager: Changing modify acls to: airflow
[2026-04-26T17:02:57.510+0000] {spark_submit.py:491} INFO - 26/04/26 17:02:57 INFO SecurityManager: Changing view acls groups to:
[2026-04-26T17:02:57.510+0000] {spark_submit.py:491} INFO - 26/04/26 17:02:57 INFO SecurityManager: Changing modify acls groups to:
[2026-04-26T17:02:57.510+0000] {spark_submit.py:491} INFO - 26/04/26 17:02:57 INFO SecurityManager: SecurityManager: authentication disabled; ui acls disabled; users with view permissions: airflow; groups with view permissions: EMPTY; users with modify permissions: airflow; groups with modify permissions: EMPTY
[2026-04-26T17:02:57.603+0000] {spark_submit.py:491} INFO - 26/04/26 17:02:57 INFO Utils: Successfully started service 'sparkDriver' on port 35215.
[2026-04-26T17:02:57.618+0000] {spark_submit.py:491} INFO - 26/04/26 17:02:57 INFO SparkEnv: Registering MapOutputTracker
[2026-04-26T17:02:57.634+0000] {spark_submit.py:491} INFO - 26/04/26 17:02:57 INFO SparkEnv: Registering BlockManagerMaster
[2026-04-26T17:02:57.646+0000] {spark_submit.py:491} INFO - 26/04/26 17:02:57 INFO BlockManagerMasterEndpoint: Using org.apache.spark.storage.DefaultTopologyMapper for getting topology information
[2026-04-26T17:02:57.646+0000] {spark_submit.py:491} INFO - 26/04/26 17:02:57 INFO BlockManagerMasterEndpoint: BlockManagerMasterEndpoint up
[2026-04-26T17:02:57.648+0000] {spark_submit.py:491} INFO - 26/04/26 17:02:57 INFO SparkEnv: Registering BlockManagerMasterHeartbeat
[2026-04-26T17:02:57.658+0000] {spark_submit.py:491} INFO - 26/04/26 17:02:57 INFO DiskBlockManager: Created local directory at /tmp/blockmgr-c20e4626-f93c-4a53-8e2b-765ee208edf3
[2026-04-26T17:02:57.666+0000] {spark_submit.py:491} INFO - 26/04/26 17:02:57 INFO MemoryStore: MemoryStore started with capacity 434.4 MiB
[2026-04-26T17:02:57.673+0000] {spark_submit.py:491} INFO - 26/04/26 17:02:57 INFO SparkEnv: Registering OutputCommitCoordinator
[2026-04-26T17:02:57.734+0000] {spark_submit.py:491} INFO - 26/04/26 17:02:57 INFO JettyUtils: Start Jetty 0.0.0.0:4040 for SparkUI
[2026-04-26T17:02:57.763+0000] {spark_submit.py:491} INFO - 26/04/26 17:02:57 INFO Utils: Successfully started service 'SparkUI' on port 4040.
[2026-04-26T17:02:57.803+0000] {spark_submit.py:491} INFO - 26/04/26 17:02:57 INFO Executor: Starting executor ID driver on host 752c3e6134d3
[2026-04-26T17:02:57.806+0000] {spark_submit.py:491} INFO - 26/04/26 17:02:57 INFO Executor: Starting executor with user classpath (userClassPathFirst = false): ''
[2026-04-26T17:02:57.822+0000] {spark_submit.py:491} INFO - 26/04/26 17:02:57 INFO Utils: Successfully started service 'org.apache.spark.network.netty.NettyBlockTransferService' on port 39635.
[2026-04-26T17:02:57.822+0000] {spark_submit.py:491} INFO - 26/04/26 17:02:57 INFO NettyBlockTransferService: Server created on 752c3e6134d3:39635
[2026-04-26T17:02:57.823+0000] {spark_submit.py:491} INFO - 26/04/26 17:02:57 INFO BlockManager: Using org.apache.spark.storage.RandomBlockReplicationPolicy for block replication policy
[2026-04-26T17:02:57.825+0000] {spark_submit.py:491} INFO - 26/04/26 17:02:57 INFO BlockManagerMaster: Registering BlockManager BlockManagerId(driver, 752c3e6134d3, 39635, None)
[2026-04-26T17:02:57.828+0000] {spark_submit.py:491} INFO - 26/04/26 17:02:57 INFO BlockManagerMasterEndpoint: Registering block manager 752c3e6134d3:39635 with 434.4 MiB RAM, BlockManagerId(driver, 752c3e6134d3, 39635, None)
[2026-04-26T17:02:57.830+0000] {spark_submit.py:491} INFO - 26/04/26 17:02:57 INFO BlockManagerMaster: Registered BlockManager BlockManagerId(driver, 752c3e6134d3, 39635, None)
[2026-04-26T17:02:57.831+0000] {spark_submit.py:491} INFO - 26/04/26 17:02:57 INFO BlockManager: Initialized BlockManager: BlockManagerId(driver, 752c3e6134d3, 39635, None)
[2026-04-26T17:02:57.984+0000] {spark_submit.py:491} INFO - Traceback (most recent call last):
[2026-04-26T17:02:57.984+0000] {spark_submit.py:491} INFO - File "/opt/airflow/dags/scripts/landing_to_bronze.py", line 37, in <module>
[2026-04-26T17:02:57.984+0000] {spark_submit.py:491} INFO - download_and_save_to_bronze(name, link)
[2026-04-26T17:02:57.984+0000] {spark_submit.py:491} INFO - File "/opt/airflow/dags/scripts/landing_to_bronze.py", line 10, in download_and_save_to_bronze
[2026-04-26T17:02:57.984+0000] {spark_submit.py:491} INFO - os.makedirs(landing_path, exist_ok=True)
[2026-04-26T17:02:57.984+0000] {spark_submit.py:491} INFO - File "<frozen os>", line 225, in makedirs
[2026-04-26T17:02:57.984+0000] {spark_submit.py:491} INFO - PermissionError: [Errno 13] Permission denied: '/opt/airflow/landing/athlete_bio'
[2026-04-26T17:02:58.012+0000] {spark_submit.py:491} INFO - 26/04/26 17:02:58 INFO SparkContext: Invoking stop() from shutdown hook
[2026-04-26T17:02:58.013+0000] {spark_submit.py:491} INFO - 26/04/26 17:02:58 INFO SparkContext: SparkContext is stopping with exitCode 0.
[2026-04-26T17:02:58.019+0000] {spark_submit.py:491} INFO - 26/04/26 17:02:58 INFO SparkUI: Stopped Spark web UI at http://752c3e6134d3:4040
[2026-04-26T17:02:58.025+0000] {spark_submit.py:491} INFO - 26/04/26 17:02:58 INFO MapOutputTrackerMasterEndpoint: MapOutputTrackerMasterEndpoint stopped!
[2026-04-26T17:02:58.031+0000] {spark_submit.py:491} INFO - 26/04/26 17:02:58 INFO MemoryStore: MemoryStore cleared
[2026-04-26T17:02:58.031+0000] {spark_submit.py:491} INFO - 26/04/26 17:02:58 INFO BlockManager: BlockManager stopped
[2026-04-26T17:02:58.034+0000] {spark_submit.py:491} INFO - 26/04/26 17:02:58 INFO BlockManagerMaster: BlockManagerMaster stopped
[2026-04-26T17:02:58.036+0000] {spark_submit.py:491} INFO - 26/04/26 17:02:58 INFO OutputCommitCoordinator$OutputCommitCoordinatorEndpoint: OutputCommitCoordinator stopped!
[2026-04-26T17:02:58.042+0000] {spark_submit.py:491} INFO - 26/04/26 17:02:58 INFO SparkContext: Successfully stopped SparkContext
[2026-04-26T17:02:58.042+0000] {spark_submit.py:491} INFO - 26/04/26 17:02:58 INFO ShutdownHookManager: Shutdown hook called
[2026-04-26T17:02:58.042+0000] {spark_submit.py:491} INFO - 26/04/26 17:02:58 INFO ShutdownHookManager: Deleting directory /tmp/spark-6c81bdc6-b1bc-468f-ba0f-72ca71d6b210
[2026-04-26T17:02:58.044+0000] {spark_submit.py:491} INFO - 26/04/26 17:02:58 INFO ShutdownHookManager: Deleting directory /tmp/spark-c27c3c64-bdda-45e7-93b7-5a9ebd1d6e4d/pyspark-f3f810ed-47cf-49a1-bf58-35c070c32e4b
[2026-04-26T17:02:58.046+0000] {spark_submit.py:491} INFO - 26/04/26 17:02:58 INFO ShutdownHookManager: Deleting directory /tmp/spark-c27c3c64-bdda-45e7-93b7-5a9ebd1d6e4d
[2026-04-26T17:02:58.081+0000] {taskinstance.py:1935} ERROR - Task failed with exception
Traceback (most recent call last):
  File "/home/airflow/.local/lib/python3.11/site-packages/airflow/providers/apache/spark/operators/spark_submit.py", line 156, in execute
    self._hook.submit(self._application)
  File "/home/airflow/.local/lib/python3.11/site-packages/airflow/providers/apache/spark/hooks/spark_submit.py", line 422, in submit
    raise AirflowException(
airflow.exceptions.AirflowException: Cannot execute: spark-submit --master local[*] --name arrow-spark --verbose --queue root.default /opt/airflow/dags/scripts/landing_to_bronze.py. Error code is: 1.
[2026-04-26T17:02:58.086+0000] {taskinstance.py:1398} INFO - Marking task as FAILED. dag_id=multi_hop_datalake_pipeline, task_id=landing_to_bronze, execution_date=20260426T170253, start_date=20260426T170255, end_date=20260426T170258
[2026-04-26T17:02:58.096+0000] {standard_task_runner.py:104} ERROR - Failed to execute job 4 for task landing_to_bronze (Cannot execute: spark-submit --master local[*] --name arrow-spark --verbose --queue root.default /opt/airflow/dags/scripts/landing_to_bronze.py. Error code is: 1.; 2424)
[2026-04-26T17:02:58.115+0000] {local_task_job_runner.py:228} INFO - Task exited with return code 1
[2026-04-26T17:02:58.134+0000] {taskinstance.py:2776} INFO - 0 downstream tasks scheduled from follow-on schedule check
