[2026-04-26T17:01:41.348+0000] {taskinstance.py:1157} INFO - Dependencies all met for dep_context=non-requeueable deps ti=<TaskInstance: multi_hop_datalake_pipeline.landing_to_bronze manual__2026-04-26T17:01:39.464580+00:00 [queued]>
[2026-04-26T17:01:41.350+0000] {taskinstance.py:1157} INFO - Dependencies all met for dep_context=requeueable deps ti=<TaskInstance: multi_hop_datalake_pipeline.landing_to_bronze manual__2026-04-26T17:01:39.464580+00:00 [queued]>
[2026-04-26T17:01:41.350+0000] {taskinstance.py:1359} INFO - Starting attempt 1 of 1
[2026-04-26T17:01:41.355+0000] {taskinstance.py:1380} INFO - Executing <Task(SparkSubmitOperator): landing_to_bronze> on 2026-04-26 17:01:39.464580+00:00
[2026-04-26T17:01:41.357+0000] {standard_task_runner.py:57} INFO - Started process 2341 to run task
[2026-04-26T17:01:41.359+0000] {standard_task_runner.py:84} INFO - Running: ['airflow', 'tasks', 'run', 'multi_hop_datalake_pipeline', 'landing_to_bronze', 'manual__2026-04-26T17:01:39.464580+00:00', '--job-id', '3', '--raw', '--subdir', 'DAGS_FOLDER/project_solution.py', '--cfg-path', '/tmp/tmpih53idu6']
[2026-04-26T17:01:41.360+0000] {standard_task_runner.py:85} INFO - Job 3: Subtask landing_to_bronze
[2026-04-26T17:01:41.373+0000] {task_command.py:415} INFO - Running <TaskInstance: multi_hop_datalake_pipeline.landing_to_bronze manual__2026-04-26T17:01:39.464580+00:00 [running]> on host 752c3e6134d3
[2026-04-26T17:01:41.392+0000] {taskinstance.py:1660} INFO - Exporting env vars: AIRFLOW_CTX_DAG_OWNER='airflow' AIRFLOW_CTX_DAG_ID='multi_hop_datalake_pipeline' AIRFLOW_CTX_TASK_ID='landing_to_bronze' AIRFLOW_CTX_EXECUTION_DATE='2026-04-26T17:01:39.464580+00:00' AIRFLOW_CTX_TRY_NUMBER='1' AIRFLOW_CTX_DAG_RUN_ID='manual__2026-04-26T17:01:39.464580+00:00'
[2026-04-26T17:01:41.394+0000] {base.py:73} INFO - Using connection ID 'spark_default' for task execution.
[2026-04-26T17:01:41.394+0000] {spark_submit.py:340} INFO - Spark-Submit cmd: spark-submit --master yarn --name arrow-spark --verbose --queue root.default /opt/airflow/dags/scripts/landing_to_bronze.py
[2026-04-26T17:01:42.037+0000] {spark_submit.py:491} INFO - Using properties file: null
[2026-04-26T17:01:42.080+0000] {spark_submit.py:491} INFO - Exception in thread "main" org.apache.spark.SparkException: When running with master 'yarn' either HADOOP_CONF_DIR or YARN_CONF_DIR must be set in the environment.
[2026-04-26T17:01:42.080+0000] {spark_submit.py:491} INFO - at org.apache.spark.deploy.SparkSubmitArguments.error(SparkSubmitArguments.scala:650)
[2026-04-26T17:01:42.080+0000] {spark_submit.py:491} INFO - at org.apache.spark.deploy.SparkSubmitArguments.validateSubmitArguments(SparkSubmitArguments.scala:281)
[2026-04-26T17:01:42.081+0000] {spark_submit.py:491} INFO - at org.apache.spark.deploy.SparkSubmitArguments.validateArguments(SparkSubmitArguments.scala:237)
[2026-04-26T17:01:42.081+0000] {spark_submit.py:491} INFO - at org.apache.spark.deploy.SparkSubmitArguments.<init>(SparkSubmitArguments.scala:122)
[2026-04-26T17:01:42.081+0000] {spark_submit.py:491} INFO - at org.apache.spark.deploy.SparkSubmit$$anon$2$$anon$3.<init>(SparkSubmit.scala:1094)
[2026-04-26T17:01:42.081+0000] {spark_submit.py:491} INFO - at org.apache.spark.deploy.SparkSubmit$$anon$2.parseArguments(SparkSubmit.scala:1094)
[2026-04-26T17:01:42.081+0000] {spark_submit.py:491} INFO - at org.apache.spark.deploy.SparkSubmit.doSubmit(SparkSubmit.scala:86)
[2026-04-26T17:01:42.081+0000] {spark_submit.py:491} INFO - at org.apache.spark.deploy.SparkSubmit$$anon$2.doSubmit(SparkSubmit.scala:1111)
[2026-04-26T17:01:42.081+0000] {spark_submit.py:491} INFO - at org.apache.spark.deploy.SparkSubmit$.main(SparkSubmit.scala:1120)
[2026-04-26T17:01:42.081+0000] {spark_submit.py:491} INFO - at org.apache.spark.deploy.SparkSubmit.main(SparkSubmit.scala)
[2026-04-26T17:01:42.104+0000] {taskinstance.py:1935} ERROR - Task failed with exception
Traceback (most recent call last):
  File "/home/airflow/.local/lib/python3.11/site-packages/airflow/providers/apache/spark/operators/spark_submit.py", line 156, in execute
    self._hook.submit(self._application)
  File "/home/airflow/.local/lib/python3.11/site-packages/airflow/providers/apache/spark/hooks/spark_submit.py", line 422, in submit
    raise AirflowException(
airflow.exceptions.AirflowException: Cannot execute: spark-submit --master yarn --name arrow-spark --verbose --queue root.default /opt/airflow/dags/scripts/landing_to_bronze.py. Error code is: 1.
[2026-04-26T17:01:42.105+0000] {taskinstance.py:1398} INFO - Marking task as FAILED. dag_id=multi_hop_datalake_pipeline, task_id=landing_to_bronze, execution_date=20260426T170139, start_date=20260426T170141, end_date=20260426T170142
[2026-04-26T17:01:42.112+0000] {standard_task_runner.py:104} ERROR - Failed to execute job 3 for task landing_to_bronze (Cannot execute: spark-submit --master yarn --name arrow-spark --verbose --queue root.default /opt/airflow/dags/scripts/landing_to_bronze.py. Error code is: 1.; 2341)
[2026-04-26T17:01:42.133+0000] {local_task_job_runner.py:228} INFO - Task exited with return code 1
[2026-04-26T17:01:42.151+0000] {taskinstance.py:2776} INFO - 0 downstream tasks scheduled from follow-on schedule check
