[2026-04-26T15:35:43.387+0000] {taskinstance.py:1157} INFO - Dependencies all met for dep_context=non-requeueable deps ti=<TaskInstance: multi_hop_datalake_pipeline.landing_to_bronze manual__2026-04-26T15:35:41.028578+00:00 [queued]>
[2026-04-26T15:35:43.389+0000] {taskinstance.py:1157} INFO - Dependencies all met for dep_context=requeueable deps ti=<TaskInstance: multi_hop_datalake_pipeline.landing_to_bronze manual__2026-04-26T15:35:41.028578+00:00 [queued]>
[2026-04-26T15:35:43.389+0000] {taskinstance.py:1359} INFO - Starting attempt 1 of 1
[2026-04-26T15:35:43.394+0000] {taskinstance.py:1380} INFO - Executing <Task(BashOperator): landing_to_bronze> on 2026-04-26 15:35:41.028578+00:00
[2026-04-26T15:35:43.397+0000] {standard_task_runner.py:57} INFO - Started process 92 to run task
[2026-04-26T15:35:43.399+0000] {standard_task_runner.py:84} INFO - Running: ['airflow', 'tasks', 'run', 'multi_hop_datalake_pipeline', 'landing_to_bronze', 'manual__2026-04-26T15:35:41.028578+00:00', '--job-id', '2', '--raw', '--subdir', 'DAGS_FOLDER/project_solution.py', '--cfg-path', '/tmp/tmpw2hfklmr']
[2026-04-26T15:35:43.400+0000] {standard_task_runner.py:85} INFO - Job 2: Subtask landing_to_bronze
[2026-04-26T15:35:43.414+0000] {task_command.py:415} INFO - Running <TaskInstance: multi_hop_datalake_pipeline.landing_to_bronze manual__2026-04-26T15:35:41.028578+00:00 [running]> on host 180fb072e4d7
[2026-04-26T15:35:44.067+0000] {taskinstance.py:1660} INFO - Exporting env vars: AIRFLOW_CTX_DAG_OWNER='airflow' AIRFLOW_CTX_DAG_ID='multi_hop_datalake_pipeline' AIRFLOW_CTX_TASK_ID='landing_to_bronze' AIRFLOW_CTX_EXECUTION_DATE='2026-04-26T15:35:41.028578+00:00' AIRFLOW_CTX_TRY_NUMBER='1' AIRFLOW_CTX_DAG_RUN_ID='manual__2026-04-26T15:35:41.028578+00:00'
[2026-04-26T15:35:44.068+0000] {subprocess.py:63} INFO - Tmp dir root location: /tmp
[2026-04-26T15:35:44.068+0000] {subprocess.py:75} INFO - Running command: ['/bin/bash', '-c', 'python /opt/airflow/dags/scripts/landing_to_bronze.py']
[2026-04-26T15:35:44.075+0000] {subprocess.py:86} INFO - Output:
[2026-04-26T15:35:44.452+0000] {subprocess.py:93} INFO - JAVA_HOME is not set
[2026-04-26T15:35:44.540+0000] {subprocess.py:93} INFO - Traceback (most recent call last):
[2026-04-26T15:35:44.540+0000] {subprocess.py:93} INFO -   File "/opt/airflow/dags/scripts/landing_to_bronze.py", line 27, in <module>
[2026-04-26T15:35:44.540+0000] {subprocess.py:93} INFO -     download_and_save_to_bronze(name, link)
[2026-04-26T15:35:44.541+0000] {subprocess.py:93} INFO -   File "/opt/airflow/dags/scripts/landing_to_bronze.py", line 6, in download_and_save_to_bronze
[2026-04-26T15:35:44.541+0000] {subprocess.py:93} INFO -     spark = SparkSession.builder.appName(f"LandingToBronze_{table_name}").getOrCreate()
[2026-04-26T15:35:44.541+0000] {subprocess.py:93} INFO -             ^^^^^^^^^^^^^^^^^^^^^^^^^^^^^^^^^^^^^^^^^^^^^^^^^^^^^^^^^^^^^^^^^^^^^^^^^^^
[2026-04-26T15:35:44.541+0000] {subprocess.py:93} INFO -   File "/home/airflow/.local/lib/python3.11/site-packages/pyspark/sql/session.py", line 557, in getOrCreate
[2026-04-26T15:35:44.541+0000] {subprocess.py:93} INFO -     sc = SparkContext.getOrCreate(sparkConf)
[2026-04-26T15:35:44.541+0000] {subprocess.py:93} INFO -          ^^^^^^^^^^^^^^^^^^^^^^^^^^^^^^^^^^^
[2026-04-26T15:35:44.541+0000] {subprocess.py:93} INFO -   File "/home/airflow/.local/lib/python3.11/site-packages/pyspark/core/context.py", line 542, in getOrCreate
[2026-04-26T15:35:44.541+0000] {subprocess.py:93} INFO -     SparkContext(conf=conf or SparkConf())
[2026-04-26T15:35:44.541+0000] {subprocess.py:93} INFO -   File "/home/airflow/.local/lib/python3.11/site-packages/pyspark/core/context.py", line 206, in __init__
[2026-04-26T15:35:44.541+0000] {subprocess.py:93} INFO -     SparkContext._ensure_initialized(self, gateway=gateway, conf=conf)
[2026-04-26T15:35:44.541+0000] {subprocess.py:93} INFO -   File "/home/airflow/.local/lib/python3.11/site-packages/pyspark/core/context.py", line 463, in _ensure_initialized
[2026-04-26T15:35:44.541+0000] {subprocess.py:93} INFO -     SparkContext._gateway = gateway or launch_gateway(conf)
[2026-04-26T15:35:44.541+0000] {subprocess.py:93} INFO -                                        ^^^^^^^^^^^^^^^^^^^^
[2026-04-26T15:35:44.542+0000] {subprocess.py:93} INFO -   File "/home/airflow/.local/lib/python3.11/site-packages/pyspark/java_gateway.py", line 111, in launch_gateway
[2026-04-26T15:35:44.542+0000] {subprocess.py:93} INFO -     raise PySparkRuntimeError(
[2026-04-26T15:35:44.542+0000] {subprocess.py:93} INFO - pyspark.errors.exceptions.base.PySparkRuntimeError: [JAVA_GATEWAY_EXITED] Java gateway process exited before sending its port number.
[2026-04-26T15:35:44.580+0000] {subprocess.py:97} INFO - Command exited with return code 1
[2026-04-26T15:35:44.584+0000] {taskinstance.py:1935} ERROR - Task failed with exception
Traceback (most recent call last):
  File "/home/airflow/.local/lib/python3.11/site-packages/airflow/operators/bash.py", line 210, in execute
    raise AirflowException(
airflow.exceptions.AirflowException: Bash command failed. The command returned a non-zero exit code 1.
[2026-04-26T15:35:44.585+0000] {taskinstance.py:1398} INFO - Marking task as FAILED. dag_id=multi_hop_datalake_pipeline, task_id=landing_to_bronze, execution_date=20260426T153541, start_date=20260426T153543, end_date=20260426T153544
[2026-04-26T15:35:44.596+0000] {standard_task_runner.py:104} ERROR - Failed to execute job 2 for task landing_to_bronze (Bash command failed. The command returned a non-zero exit code 1.; 92)
[2026-04-26T15:35:44.613+0000] {local_task_job_runner.py:228} INFO - Task exited with return code 1
[2026-04-26T15:35:44.628+0000] {taskinstance.py:2776} INFO - 0 downstream tasks scheduled from follow-on schedule check
